<?xml version="1.0" encoding="UTF-8"?>
<!-- Generated by org.testng.reporters.JUnitReportReporter -->
<testsuite skipped="0" hostname="DESKTOP-JEUE32G" name="com.revature.BasicTest" tests="1" failures="0" timestamp="2022-06-24T14:23:52 PDT" time="0.005" errors="0">
  <testcase name="testBasicTest" time="0.005" classname="com.revature.BasicTest"/>
  <system-out/>
</testsuite> <!-- com.revature.BasicTest -->
